Starting audit...
[ERROR] C:\Users\sai kiranmai\Documents\ADS-1\ADS-1\Assignments\Module 24\m24\1\Solution.java:2: Missing a Javadoc comment. [JavadocType]
[ERROR] C:\Users\sai kiranmai\Documents\ADS-1\ADS-1\Assignments\Module 24\m24\1\Solution.java:3:1: File contains tab characters (this is the first instance). [FileTabCharacter]
[ERROR] C:\Users\sai kiranmai\Documents\ADS-1\ADS-1\Assignments\Module 24\m24\1\Solution.java:3:9: Missing a Javadoc comment. [JavadocVariable]
[ERROR] C:\Users\sai kiranmai\Documents\ADS-1\ADS-1\Assignments\Module 24\m24\1\Solution.java:3:16: Variable 'name' must be private and have accessor methods. [VisibilityModifier]
[ERROR] C:\Users\sai kiranmai\Documents\ADS-1\ADS-1\Assignments\Module 24\m24\1\Solution.java:4:9: Missing a Javadoc comment. [JavadocVariable]
[ERROR] C:\Users\sai kiranmai\Documents\ADS-1\ADS-1\Assignments\Module 24\m24\1\Solution.java:4:16: Variable 'percentage' must be private and have accessor methods. [VisibilityModifier]
[ERROR] C:\Users\sai kiranmai\Documents\ADS-1\ADS-1\Assignments\Module 24\m24\1\Solution.java:5:9: Missing a Javadoc comment. [JavadocMethod]
[ERROR] C:\Users\sai kiranmai\Documents\ADS-1\ADS-1\Assignments\Module 24\m24\1\Solution.java:8:9: Missing a Javadoc comment. [JavadocMethod]
[ERROR] C:\Users\sai kiranmai\Documents\ADS-1\ADS-1\Assignments\Module 24\m24\1\Solution.java:8:17: Parameter n should be final. [FinalParameters]
[ERROR] C:\Users\sai kiranmai\Documents\ADS-1\ADS-1\Assignments\Module 24\m24\1\Solution.java:8:27: Parameter p should be final. [FinalParameters]
[ERROR] C:\Users\sai kiranmai\Documents\ADS-1\ADS-1\Assignments\Module 24\m24\1\Solution.java:12:9: Missing a Javadoc comment. [JavadocMethod]
[ERROR] C:\Users\sai kiranmai\Documents\ADS-1\ADS-1\Assignments\Module 24\m24\1\Solution.java:15:9: Missing a Javadoc comment. [JavadocMethod]
[ERROR] C:\Users\sai kiranmai\Documents\ADS-1\ADS-1\Assignments\Module 24\m24\1\Solution.java:21: Missing a Javadoc comment. [JavadocType]
[ERROR] C:\Users\sai kiranmai\Documents\ADS-1\ADS-1\Assignments\Module 24\m24\1\Solution.java:21:1: Utility classes should not have a public or default constructor. [HideUtilityClassConstructor]
[ERROR] C:\Users\sai kiranmai\Documents\ADS-1\ADS-1\Assignments\Module 24\m24\1\Solution.java:22:9: Missing a Javadoc comment. [JavadocMethod]
[ERROR] C:\Users\sai kiranmai\Documents\ADS-1\ADS-1\Assignments\Module 24\m24\1\Solution.java:24:17: Missing a Javadoc comment. [JavadocMethod]
[ERROR] C:\Users\sai kiranmai\Documents\ADS-1\ADS-1\Assignments\Module 24\m24\1\Solution.java:24:41: Parameter args should be final. [FinalParameters]
[ERROR] C:\Users\sai kiranmai\Documents\ADS-1\ADS-1\Assignments\Module 24\m24\1\Solution.java:27: Line is longer than 80 characters (found 102). [LineLength]
[ERROR] C:\Users\sai kiranmai\Documents\ADS-1\ADS-1\Assignments\Module 24\m24\1\Solution.java:28:30: 'while' is not followed by whitespace. [WhitespaceAfter]
[ERROR] C:\Users\sai kiranmai\Documents\ADS-1\ADS-1\Assignments\Module 24\m24\1\Solution.java:34: Line is longer than 80 characters (found 92). [LineLength]
[ERROR] C:\Users\sai kiranmai\Documents\ADS-1\ADS-1\Assignments\Module 24\m24\1\Solution.java:44: Line is longer than 80 characters (found 88). [LineLength]
[ERROR] C:\Users\sai kiranmai\Documents\ADS-1\ADS-1\Assignments\Module 24\m24\1\Solution.java:48: Line is longer than 80 characters (found 81). [LineLength]
[ERROR] C:\Users\sai kiranmai\Documents\ADS-1\ADS-1\Assignments\Module 24\m24\1\Solution.java:51: Line is longer than 80 characters (found 87). [LineLength]
[ERROR] C:\Users\sai kiranmai\Documents\ADS-1\ADS-1\Assignments\Module 24\m24\1\Solution.java:53: Line has trailing spaces. [RegexpSingleline]
Audit done.
Checkstyle ends with 24 errors.
