Starting audit...
[ERROR] C:\Users\sai kiranmai\Documents\ADS-1\ADS-1\Assignments\Module 22\m22\22.1 Ransom Note\Solution.java:0: File does not end with a newline. [NewlineAtEndOfFile]
[ERROR] C:\Users\sai kiranmai\Documents\ADS-1\ADS-1\Assignments\Module 22\m22\22.1 Ransom Note\Solution.java:2:8: Unused import - java.util.LinkedList. [UnusedImports]
[ERROR] C:\Users\sai kiranmai\Documents\ADS-1\ADS-1\Assignments\Module 22\m22\22.1 Ransom Note\Solution.java:3: Missing a Javadoc comment. [JavadocType]
[ERROR] C:\Users\sai kiranmai\Documents\ADS-1\ADS-1\Assignments\Module 22\m22\22.1 Ransom Note\Solution.java:4:2: File contains tab characters (this is the first instance). [FileTabCharacter]
[ERROR] C:\Users\sai kiranmai\Documents\ADS-1\ADS-1\Assignments\Module 22\m22\22.1 Ransom Note\Solution.java:4:9: Missing a Javadoc comment. [JavadocVariable]
[ERROR] C:\Users\sai kiranmai\Documents\ADS-1\ADS-1\Assignments\Module 22\m22\22.1 Ransom Note\Solution.java:5:9: Missing a Javadoc comment. [JavadocVariable]
[ERROR] C:\Users\sai kiranmai\Documents\ADS-1\ADS-1\Assignments\Module 22\m22\22.1 Ransom Note\Solution.java:6:9: Missing a Javadoc comment. [JavadocMethod]
[ERROR] C:\Users\sai kiranmai\Documents\ADS-1\ADS-1\Assignments\Module 22\m22\22.1 Ransom Note\Solution.java:6:9: Redundant 'public' modifier. [RedundantModifier]
[ERROR] C:\Users\sai kiranmai\Documents\ADS-1\ADS-1\Assignments\Module 22\m22\22.1 Ransom Note\Solution.java:8: Line has trailing spaces. [RegexpSingleline]
[ERROR] C:\Users\sai kiranmai\Documents\ADS-1\ADS-1\Assignments\Module 22\m22\22.1 Ransom Note\Solution.java:9:10: Missing a Javadoc comment. [JavadocMethod]
[ERROR] C:\Users\sai kiranmai\Documents\ADS-1\ADS-1\Assignments\Module 22\m22\22.1 Ransom Note\Solution.java:9:27: Parameter key should be final. [FinalParameters]
[ERROR] C:\Users\sai kiranmai\Documents\ADS-1\ADS-1\Assignments\Module 22\m22\22.1 Ransom Note\Solution.java:10:34: '0x7fffffff' is a magic number. [MagicNumber]
[ERROR] C:\Users\sai kiranmai\Documents\ADS-1\ADS-1\Assignments\Module 22\m22\22.1 Ransom Note\Solution.java:12:6: Missing a Javadoc comment. [JavadocMethod]
[ERROR] C:\Users\sai kiranmai\Documents\ADS-1\ADS-1\Assignments\Module 22\m22\22.1 Ransom Note\Solution.java:12:22: Parameter key should be final. [FinalParameters]
[ERROR] C:\Users\sai kiranmai\Documents\ADS-1\ADS-1\Assignments\Module 22\m22\22.1 Ransom Note\Solution.java:12:31: Parameter val should be final. [FinalParameters]
[ERROR] C:\Users\sai kiranmai\Documents\ADS-1\ADS-1\Assignments\Module 22\m22\22.1 Ransom Note\Solution.java:18: 'if' construct must use '{}'s. [NeedBraces]
[ERROR] C:\Users\sai kiranmai\Documents\ADS-1\ADS-1\Assignments\Module 22\m22\22.1 Ransom Note\Solution.java:21:5: Missing a Javadoc comment. [JavadocMethod]
[ERROR] C:\Users\sai kiranmai\Documents\ADS-1\ADS-1\Assignments\Module 22\m22\22.1 Ransom Note\Solution.java:21:24: Parameter key should be final. [FinalParameters]
[ERROR] C:\Users\sai kiranmai\Documents\ADS-1\ADS-1\Assignments\Module 22\m22\22.1 Ransom Note\Solution.java:23: 'if' construct must use '{}'s. [NeedBraces]
[ERROR] C:\Users\sai kiranmai\Documents\ADS-1\ADS-1\Assignments\Module 22\m22\22.1 Ransom Note\Solution.java:27: Missing a Javadoc comment. [JavadocType]
[ERROR] C:\Users\sai kiranmai\Documents\ADS-1\ADS-1\Assignments\Module 22\m22\22.1 Ransom Note\Solution.java:27:1: Utility classes should not have a public or default constructor. [HideUtilityClassConstructor]
[ERROR] C:\Users\sai kiranmai\Documents\ADS-1\ADS-1\Assignments\Module 22\m22\22.1 Ransom Note\Solution.java:28:9: Missing a Javadoc comment. [JavadocMethod]
[ERROR] C:\Users\sai kiranmai\Documents\ADS-1\ADS-1\Assignments\Module 22\m22\22.1 Ransom Note\Solution.java:31:9: Missing a Javadoc comment. [JavadocMethod]
[ERROR] C:\Users\sai kiranmai\Documents\ADS-1\ADS-1\Assignments\Module 22\m22\22.1 Ransom Note\Solution.java:31:33: Parameter args should be final. [FinalParameters]
[ERROR] C:\Users\sai kiranmai\Documents\ADS-1\ADS-1\Assignments\Module 22\m22\22.1 Ransom Note\Solution.java:41:54: '-' is not preceded with whitespace. [WhitespaceAround]
[ERROR] C:\Users\sai kiranmai\Documents\ADS-1\ADS-1\Assignments\Module 22\m22\22.1 Ransom Note\Solution.java:44:54: '-' is not preceded with whitespace. [WhitespaceAround]
Audit done.
Checkstyle ends with 26 errors.
