Starting audit...
[ERROR] C:\Users\sai kiranmai\Documents\ADS-1\ADS-1\Assignments\Module 12\m12\Assignment-1\Solution.java:0: File does not end with a newline. [NewlineAtEndOfFile]
[ERROR] C:\Users\sai kiranmai\Documents\ADS-1\ADS-1\Assignments\Module 12\m12\Assignment-1\Solution.java:10:20: Variable 'name' must be private and have accessor methods. [VisibilityModifier]
[ERROR] C:\Users\sai kiranmai\Documents\ADS-1\ADS-1\Assignments\Module 12\m12\Assignment-1\Solution.java:14:20: Variable 'dob' must be private and have accessor methods. [VisibilityModifier]
[ERROR] C:\Users\sai kiranmai\Documents\ADS-1\ADS-1\Assignments\Module 12\m12\Assignment-1\Solution.java:18:17: Variable 'marks1' must be private and have accessor methods. [VisibilityModifier]
[ERROR] C:\Users\sai kiranmai\Documents\ADS-1\ADS-1\Assignments\Module 12\m12\Assignment-1\Solution.java:22:17: Variable 'marks2' must be private and have accessor methods. [VisibilityModifier]
[ERROR] C:\Users\sai kiranmai\Documents\ADS-1\ADS-1\Assignments\Module 12\m12\Assignment-1\Solution.java:26:17: Variable 'marks3' must be private and have accessor methods. [VisibilityModifier]
[ERROR] C:\Users\sai kiranmai\Documents\ADS-1\ADS-1\Assignments\Module 12\m12\Assignment-1\Solution.java:30:17: Variable 'total' must be private and have accessor methods. [VisibilityModifier]
[ERROR] C:\Users\sai kiranmai\Documents\ADS-1\ADS-1\Assignments\Module 12\m12\Assignment-1\Solution.java:34:20: Variable 'category' must be private and have accessor methods. [VisibilityModifier]
[ERROR] C:\Users\sai kiranmai\Documents\ADS-1\ADS-1\Assignments\Module 12\m12\Assignment-1\Solution.java:49: Line has trailing spaces. [RegexpSingleline]
[ERROR] C:\Users\sai kiranmai\Documents\ADS-1\ADS-1\Assignments\Module 12\m12\Assignment-1\Solution.java:49:26: 'name' hides a field. [HiddenField]
[ERROR] C:\Users\sai kiranmai\Documents\ADS-1\ADS-1\Assignments\Module 12\m12\Assignment-1\Solution.java:50:22: 'dob' hides a field. [HiddenField]
[ERROR] C:\Users\sai kiranmai\Documents\ADS-1\ADS-1\Assignments\Module 12\m12\Assignment-1\Solution.java:50:37: 'marks1' hides a field. [HiddenField]
[ERROR] C:\Users\sai kiranmai\Documents\ADS-1\ADS-1\Assignments\Module 12\m12\Assignment-1\Solution.java:51:19: 'marks2' hides a field. [HiddenField]
[ERROR] C:\Users\sai kiranmai\Documents\ADS-1\ADS-1\Assignments\Module 12\m12\Assignment-1\Solution.java:51:37: 'marks3' hides a field. [HiddenField]
[ERROR] C:\Users\sai kiranmai\Documents\ADS-1\ADS-1\Assignments\Module 12\m12\Assignment-1\Solution.java:52:20: 'total' hides a field. [HiddenField]
[ERROR] C:\Users\sai kiranmai\Documents\ADS-1\ADS-1\Assignments\Module 12\m12\Assignment-1\Solution.java:52:40: 'category' hides a field. [HiddenField]
[ERROR] C:\Users\sai kiranmai\Documents\ADS-1\ADS-1\Assignments\Module 12\m12\Assignment-1\Solution.java:135: Line has trailing spaces. [RegexpSingleline]
[ERROR] C:\Users\sai kiranmai\Documents\ADS-1\ADS-1\Assignments\Module 12\m12\Assignment-1\Solution.java:141: 'if' construct must use '{}'s. [NeedBraces]
[ERROR] C:\Users\sai kiranmai\Documents\ADS-1\ADS-1\Assignments\Module 12\m12\Assignment-1\Solution.java:142: 'if' construct must use '{}'s. [NeedBraces]
[ERROR] C:\Users\sai kiranmai\Documents\ADS-1\ADS-1\Assignments\Module 12\m12\Assignment-1\Solution.java:142:28: ')' is preceded with whitespace. [ParenPad]
[ERROR] C:\Users\sai kiranmai\Documents\ADS-1\ADS-1\Assignments\Module 12\m12\Assignment-1\Solution.java:143: 'if' construct must use '{}'s. [NeedBraces]
[ERROR] C:\Users\sai kiranmai\Documents\ADS-1\ADS-1\Assignments\Module 12\m12\Assignment-1\Solution.java:144: 'else' construct must use '{}'s. [NeedBraces]
[ERROR] C:\Users\sai kiranmai\Documents\ADS-1\ADS-1\Assignments\Module 12\m12\Assignment-1\Solution.java:156:25: Parameter a should be final. [FinalParameters]
[ERROR] C:\Users\sai kiranmai\Documents\ADS-1\ADS-1\Assignments\Module 12\m12\Assignment-1\Solution.java:156:30: Parameter b should be final. [FinalParameters]
[ERROR] C:\Users\sai kiranmai\Documents\ADS-1\ADS-1\Assignments\Module 12\m12\Assignment-1\Solution.java:156:35: Parameter cp should be final. [FinalParameters]
[ERROR] C:\Users\sai kiranmai\Documents\ADS-1\ADS-1\Assignments\Module 12\m12\Assignment-1\Solution.java:157:29: ',' is not followed by whitespace. [WhitespaceAfter]
[ERROR] C:\Users\sai kiranmai\Documents\ADS-1\ADS-1\Assignments\Module 12\m12\Assignment-1\Solution.java:167:22: Parameter a should be final. [FinalParameters]
[ERROR] C:\Users\sai kiranmai\Documents\ADS-1\ADS-1\Assignments\Module 12\m12\Assignment-1\Solution.java:167:29: Parameter lo should be final. [FinalParameters]
[ERROR] C:\Users\sai kiranmai\Documents\ADS-1\ADS-1\Assignments\Module 12\m12\Assignment-1\Solution.java:167:37: Parameter hi should be final. [FinalParameters]
[ERROR] C:\Users\sai kiranmai\Documents\ADS-1\ADS-1\Assignments\Module 12\m12\Assignment-1\Solution.java:167:45: Parameter cp should be final. [FinalParameters]
[ERROR] C:\Users\sai kiranmai\Documents\ADS-1\ADS-1\Assignments\Module 12\m12\Assignment-1\Solution.java:168: 'if' construct must use '{}'s. [NeedBraces]
[ERROR] C:\Users\sai kiranmai\Documents\ADS-1\ADS-1\Assignments\Module 12\m12\Assignment-1\Solution.java:183:15: Variable 'students' must be private and have accessor methods. [VisibilityModifier]
[ERROR] C:\Users\sai kiranmai\Documents\ADS-1\ADS-1\Assignments\Module 12\m12\Assignment-1\Solution.java:185:5: Missing a Javadoc comment. [JavadocVariable]
[ERROR] C:\Users\sai kiranmai\Documents\ADS-1\ADS-1\Assignments\Module 12\m12\Assignment-1\Solution.java:185:24: Variable 'ms' must be private and have accessor methods. [VisibilityModifier]
[ERROR] C:\Users\sai kiranmai\Documents\ADS-1\ADS-1\Assignments\Module 12\m12\Assignment-1\Solution.java:191:15: Parameter students should be final. [FinalParameters]
[ERROR] C:\Users\sai kiranmai\Documents\ADS-1\ADS-1\Assignments\Module 12\m12\Assignment-1\Solution.java:191:25: 'students' hides a field. [HiddenField]
[ERROR] C:\Users\sai kiranmai\Documents\ADS-1\ADS-1\Assignments\Module 12\m12\Assignment-1\Solution.java:194:5: Missing a Javadoc comment. [JavadocMethod]
[ERROR] C:\Users\sai kiranmai\Documents\ADS-1\ADS-1\Assignments\Module 12\m12\Assignment-1\Solution.java:197:5: Missing a Javadoc comment. [JavadocMethod]
[ERROR] C:\Users\sai kiranmai\Documents\ADS-1\ADS-1\Assignments\Module 12\m12\Assignment-1\Solution.java:200:5: Missing a Javadoc comment. [JavadocMethod]
[ERROR] C:\Users\sai kiranmai\Documents\ADS-1\ADS-1\Assignments\Module 12\m12\Assignment-1\Solution.java:205:5: Missing a Javadoc comment. [JavadocMethod]
[ERROR] C:\Users\sai kiranmai\Documents\ADS-1\ADS-1\Assignments\Module 12\m12\Assignment-1\Solution.java:217:8: Name 'sortByMarks' must match pattern '^[A-Z][a-zA-Z0-9]*$'. [TypeName]
[ERROR] C:\Users\sai kiranmai\Documents\ADS-1\ADS-1\Assignments\Module 12\m12\Assignment-1\Solution.java:218:5: Missing a Javadoc comment. [JavadocMethod]
[ERROR] C:\Users\sai kiranmai\Documents\ADS-1\ADS-1\Assignments\Module 12\m12\Assignment-1\Solution.java:218:24: Parameter s1 should be final. [FinalParameters]
[ERROR] C:\Users\sai kiranmai\Documents\ADS-1\ADS-1\Assignments\Module 12\m12\Assignment-1\Solution.java:218:36: Parameter s2 should be final. [FinalParameters]
[ERROR] C:\Users\sai kiranmai\Documents\ADS-1\ADS-1\Assignments\Module 12\m12\Assignment-1\Solution.java:225:7: Name 'sortByAge' must match pattern '^[A-Z][a-zA-Z0-9]*$'. [TypeName]
[ERROR] C:\Users\sai kiranmai\Documents\ADS-1\ADS-1\Assignments\Module 12\m12\Assignment-1\Solution.java:226:5: Missing a Javadoc comment. [JavadocMethod]
[ERROR] C:\Users\sai kiranmai\Documents\ADS-1\ADS-1\Assignments\Module 12\m12\Assignment-1\Solution.java:226:24: Parameter s1 should be final. [FinalParameters]
[ERROR] C:\Users\sai kiranmai\Documents\ADS-1\ADS-1\Assignments\Module 12\m12\Assignment-1\Solution.java:226:36: Parameter s2 should be final. [FinalParameters]
[ERROR] C:\Users\sai kiranmai\Documents\ADS-1\ADS-1\Assignments\Module 12\m12\Assignment-1\Solution.java:233:7: Name 'sortByCategory' must match pattern '^[A-Z][a-zA-Z0-9]*$'. [TypeName]
[ERROR] C:\Users\sai kiranmai\Documents\ADS-1\ADS-1\Assignments\Module 12\m12\Assignment-1\Solution.java:234:5: Missing a Javadoc comment. [JavadocMethod]
[ERROR] C:\Users\sai kiranmai\Documents\ADS-1\ADS-1\Assignments\Module 12\m12\Assignment-1\Solution.java:234:24: Parameter s1 should be final. [FinalParameters]
[ERROR] C:\Users\sai kiranmai\Documents\ADS-1\ADS-1\Assignments\Module 12\m12\Assignment-1\Solution.java:234:36: Parameter s2 should be final. [FinalParameters]
[ERROR] C:\Users\sai kiranmai\Documents\ADS-1\ADS-1\Assignments\Module 12\m12\Assignment-1\Solution.java:241:1: Utility classes should not have a public or default constructor. [HideUtilityClassConstructor]
[ERROR] C:\Users\sai kiranmai\Documents\ADS-1\ADS-1\Assignments\Module 12\m12\Assignment-1\Solution.java:263:52: '{' is not preceded with whitespace. [WhitespaceAround]
[ERROR] C:\Users\sai kiranmai\Documents\ADS-1\ADS-1\Assignments\Module 12\m12\Assignment-1\Solution.java:268:39: '3' is a magic number. [MagicNumber]
[ERROR] C:\Users\sai kiranmai\Documents\ADS-1\ADS-1\Assignments\Module 12\m12\Assignment-1\Solution.java:269:40: '4' is a magic number. [MagicNumber]
[ERROR] C:\Users\sai kiranmai\Documents\ADS-1\ADS-1\Assignments\Module 12\m12\Assignment-1\Solution.java:270:41: '5' is a magic number. [MagicNumber]
[ERROR] C:\Users\sai kiranmai\Documents\ADS-1\ADS-1\Assignments\Module 12\m12\Assignment-1\Solution.java:270:53: '6' is a magic number. [MagicNumber]
[ERROR] C:\Users\sai kiranmai\Documents\ADS-1\ADS-1\Assignments\Module 12\m12\Assignment-1\Solution.java:300: Line has trailing spaces. [RegexpSingleline]
[ERROR] C:\Users\sai kiranmai\Documents\ADS-1\ADS-1\Assignments\Module 12\m12\Assignment-1\Solution.java:301: Line has trailing spaces. [RegexpSingleline]
Audit done.
Checkstyle ends with 60 errors.
