Starting audit...
[ERROR] C:\Users\sai kiranmai\Documents\ADS-1\ADS-1\Assignments\Module 12\m12\Assignment-1\Student.java:0: File does not end with a newline. [NewlineAtEndOfFile]
[ERROR] C:\Users\sai kiranmai\Documents\ADS-1\ADS-1\Assignments\Module 12\m12\Assignment-1\Student.java:5:1: File contains tab characters (this is the first instance). [FileTabCharacter]
[ERROR] C:\Users\sai kiranmai\Documents\ADS-1\ADS-1\Assignments\Module 12\m12\Assignment-1\Student.java:8:17: Variable 'name' must be private and have accessor methods. [VisibilityModifier]
[ERROR] C:\Users\sai kiranmai\Documents\ADS-1\ADS-1\Assignments\Module 12\m12\Assignment-1\Student.java:12:17: Variable 'dob' must be private and have accessor methods. [VisibilityModifier]
[ERROR] C:\Users\sai kiranmai\Documents\ADS-1\ADS-1\Assignments\Module 12\m12\Assignment-1\Student.java:16:14: Variable 'marks1' must be private and have accessor methods. [VisibilityModifier]
[ERROR] C:\Users\sai kiranmai\Documents\ADS-1\ADS-1\Assignments\Module 12\m12\Assignment-1\Student.java:20:14: Variable 'marks2' must be private and have accessor methods. [VisibilityModifier]
[ERROR] C:\Users\sai kiranmai\Documents\ADS-1\ADS-1\Assignments\Module 12\m12\Assignment-1\Student.java:24:14: Variable 'marks3' must be private and have accessor methods. [VisibilityModifier]
[ERROR] C:\Users\sai kiranmai\Documents\ADS-1\ADS-1\Assignments\Module 12\m12\Assignment-1\Student.java:28:14: Variable 'total' must be private and have accessor methods. [VisibilityModifier]
[ERROR] C:\Users\sai kiranmai\Documents\ADS-1\ADS-1\Assignments\Module 12\m12\Assignment-1\Student.java:32:17: Variable 'category' must be private and have accessor methods. [VisibilityModifier]
[ERROR] C:\Users\sai kiranmai\Documents\ADS-1\ADS-1\Assignments\Module 12\m12\Assignment-1\Student.java:50: Line is longer than 80 characters (found 106). [LineLength]
[ERROR] C:\Users\sai kiranmai\Documents\ADS-1\ADS-1\Assignments\Module 12\m12\Assignment-1\Student.java:50:17: Parameter name should be final. [FinalParameters]
[ERROR] C:\Users\sai kiranmai\Documents\ADS-1\ADS-1\Assignments\Module 12\m12\Assignment-1\Student.java:50:24: 'name' hides a field. [HiddenField]
[ERROR] C:\Users\sai kiranmai\Documents\ADS-1\ADS-1\Assignments\Module 12\m12\Assignment-1\Student.java:50:30: Parameter dob should be final. [FinalParameters]
[ERROR] C:\Users\sai kiranmai\Documents\ADS-1\ADS-1\Assignments\Module 12\m12\Assignment-1\Student.java:50:37: 'dob' hides a field. [HiddenField]
[ERROR] C:\Users\sai kiranmai\Documents\ADS-1\ADS-1\Assignments\Module 12\m12\Assignment-1\Student.java:50:42: Parameter marks1 should be final. [FinalParameters]
[ERROR] C:\Users\sai kiranmai\Documents\ADS-1\ADS-1\Assignments\Module 12\m12\Assignment-1\Student.java:50:46: 'marks1' hides a field. [HiddenField]
[ERROR] C:\Users\sai kiranmai\Documents\ADS-1\ADS-1\Assignments\Module 12\m12\Assignment-1\Student.java:50:54: Parameter marks2 should be final. [FinalParameters]
[ERROR] C:\Users\sai kiranmai\Documents\ADS-1\ADS-1\Assignments\Module 12\m12\Assignment-1\Student.java:50:58: 'marks2' hides a field. [HiddenField]
[ERROR] C:\Users\sai kiranmai\Documents\ADS-1\ADS-1\Assignments\Module 12\m12\Assignment-1\Student.java:50:66: Parameter marks3 should be final. [FinalParameters]
[ERROR] C:\Users\sai kiranmai\Documents\ADS-1\ADS-1\Assignments\Module 12\m12\Assignment-1\Student.java:50:70: 'marks3' hides a field. [HiddenField]
[ERROR] C:\Users\sai kiranmai\Documents\ADS-1\ADS-1\Assignments\Module 12\m12\Assignment-1\Student.java:50:78: Parameter total should be final. [FinalParameters]
[ERROR] C:\Users\sai kiranmai\Documents\ADS-1\ADS-1\Assignments\Module 12\m12\Assignment-1\Student.java:50:82: 'total' hides a field. [HiddenField]
[ERROR] C:\Users\sai kiranmai\Documents\ADS-1\ADS-1\Assignments\Module 12\m12\Assignment-1\Student.java:50:89: Parameter category should be final. [FinalParameters]
[ERROR] C:\Users\sai kiranmai\Documents\ADS-1\ADS-1\Assignments\Module 12\m12\Assignment-1\Student.java:50:96: 'category' hides a field. [HiddenField]
Audit done.
Checkstyle ends with 24 errors.
